IP Upgrade report for telecran
Tue Nov 18 08:09:29 2025
Quartus Prime Version 24.1std.0 Build 1077 03/04/2025 SC Lite Edition


---------------------
; Table of Contents ;
---------------------
  1. Legal Notice
  2. IP Upgrade Summary
  3. Failed Upgrade IP Components
  4. IP Upgrade Messages



----------------
; Legal Notice ;
----------------
Copyright (C) 2025  Altera Corporation. All rights reserved.
Your use of Altera Corporation's design tools, logic functions 
and other software and tools, and any partner logic 
functions, and any output files from any of the foregoing 
(including device programming or simulation files), and any 
associated documentation or information are expressly subject 
to the terms and conditions of the Altera Program License 
Subscription Agreement, the Altera Quartus Prime License Agreement,
the Altera IP License Agreement, or other applicable license
agreement, including, without limitation, that your use is for
the sole purpose of programming logic devices manufactured by
Altera and sold by Altera or its authorized distributors.  Please
refer to the Altera Software License Subscription Agreements 
on the Quartus Prime software download page.



+--------------------------------------------------------------------------------+
; IP Upgrade Summary                                                             ;
+------------------------------+-------------------------------------------------+
; IP Components Upgrade Status ; Failed - Tue Nov 18 08:09:29 2025               ;
; Quartus Prime Version        ; 24.1std.0 Build 1077 03/04/2025 SC Lite Edition ;
; Revision Name                ; telecran                                        ;
; Top-level Entity Name        ; telecran                                        ;
; Family                       ; Cyclone V                                       ;
+------------------------------+-------------------------------------------------+


+-------------------------------------------------------------------------------------------------------------------------------------------------------------------+
; Failed Upgrade IP Components                                                                                                                                      ;
+--------------+---------------------+---------+----------------------+----------------------+-----------------+----------------------------------------------------+
; Entity Name  ; Component Name      ; Version ; Original Source File ; Generation File Path ; New Source File ; Message                                            ;
+--------------+---------------------+---------+----------------------+----------------------+-----------------+----------------------------------------------------+
; pll_reconfig ; altera_pll_reconfig ; 22.1    ; pll/pll_reconfig.qip ; pll/pll_reconfig.v   ;                 ; Error upgrading IP component "pll/pll_reconfig.v". ;
+--------------+---------------------+---------+----------------------+----------------------+-----------------+----------------------------------------------------+


+---------------------+
; IP Upgrade Messages ;
+---------------------+
Info (11902): Backing up file "pll/pll_reconfig.v" to "pll/pll_reconfig.BAK.v"
Info (11837): Started upgrading IP component altera_pll_reconfig with file "pll/pll_reconfig.v"
Info (11904): Restoring file "pll/pll_reconfig.BAK.v" to "pll/pll_reconfig.v"
Error (14921): Error upgrading IP component "pll/pll_reconfig.v".
Error (11133): IP component altera_pll_reconfig with file "pll/pll_reconfig.v" upgrade failed
Error (11889): IP component upgrade failed
Error (23031): Evaluation of Tcl script /home/agheles/intelFPGA_lite/24.1std/quartus/common/tcl/internal/ip_regen/ip_regen.tcl unsuccessful
Error: Quartus Prime Shell was unsuccessful. 4 errors, 0 warnings
    Error: Peak virtual memory: 594 megabytes
    Error: Processing ended: Tue Nov 18 08:09:29 2025
    Error: Elapsed time: 00:00:09
    Error: Total CPU time (on all processors): 00:00:26


